Using pre-set license
Built from '2020.3/staging' branch; Version is '2020.3.16f1 (049d6eca3c44) revision 302446'; Using compiler version '192528614'; Build Type 'Release'
OS: 'Windows 10 Home; OS build 19042.1288; Version 2009; 64bit' Language: 'en' Physical Memory: 12072 MB
BatchMode: 1, IsHumanControllingUs: 0, StartBugReporterOnCrash: 0, Is64bit: 1, IsPro: 0

 COMMAND LINE ARGUMENTS:
C:\Program Files\Unity\Hub\Editor\2020.3.16f1\Editor\Unity.exe
-adb2
-batchMode
-noUpm
-name
AssetImportWorker0
-projectPath
D:/Mission Rocket Project/Mission Rocket
-logFile
Logs/AssetImportWorker0.log
-srvPort
58417
Successfully changed project path to: D:/Mission Rocket Project/Mission Rocket
D:/Mission Rocket Project/Mission Rocket
Using Asset Import Pipeline V2.
Refreshing native plugins compatible for Editor in 240.36 ms, found 2 plugins.
Preloading 0 native plugins for Editor in 0.00 ms.
Initialize engine version: 2020.3.16f1 (049d6eca3c44)
[Subsystems] Discovering subsystems at path C:/Program Files/Unity/Hub/Editor/2020.3.16f1/Editor/Data/Resources/UnitySubsystems
[Subsystems] Discovering subsystems at path D:/Mission Rocket Project/Mission Rocket/Assets
GfxDevice: creating device client; threaded=0
Direct3D:
    Version:  Direct3D 11.0 [level 11.1]
    Renderer: NVIDIA GeForce MX230 (ID=0x1d11)
    Vendor:   
    VRAM:     1984 MB
    Driver:   27.21.14.6231
Initialize mono
Mono path[0] = 'C:/Program Files/Unity/Hub/Editor/2020.3.16f1/Editor/Data/Managed'
Mono path[1] = 'C:/Program Files/Unity/Hub/Editor/2020.3.16f1/Editor/Data/MonoBleedingEdge/lib/mono/unityjit'
Mono config path = 'C:/Program Files/Unity/Hub/Editor/2020.3.16f1/Editor/Data/MonoBleedingEdge/etc'
Using monoOptions --debugger-agent=transport=dt_socket,embedding=1,server=y,suspend=n,address=127.0.0.1:56852
Begin MonoManager ReloadAssembly
Registering precompiled unity dll's ...
Register platform support module: C:/Program Files/Unity/Hub/Editor/2020.3.16f1/Editor/Data/PlaybackEngines/WebGLSupport/UnityEditor.WebGL.Extensions.dll
Register platform support module: C:/Program Files/Unity/Hub/Editor/2020.3.16f1/Editor/Data/PlaybackEngines/WindowsStandaloneSupport/UnityEditor.WindowsStandalone.Extensions.dll
Registered in 0.005461 seconds.
Native extension for WindowsStandalone target not found
Native extension for WebGL target not found
Refreshing native plugins compatible for Editor in 150.98 ms, found 2 plugins.
Preloading 0 native plugins for Editor in 0.00 ms.
Mono: successfully reloaded assembly
- Completed reload, in  5.823 seconds
Domain Reload Profiling:
	ReloadAssembly (5824ms)
		BeginReloadAssembly (207ms)
			ExecutionOrderSort (0ms)
			DisableScriptedObjects (0ms)
			BackupInstance (0ms)
			ReleaseScriptingObjects (0ms)
			CreateAndSetChildDomain (2ms)
		EndReloadAssembly (1099ms)
			LoadAssemblies (196ms)
			RebuildTransferFunctionScriptingTraits (0ms)
			SetupTypeCache (388ms)
			ReleaseScriptCaches (0ms)
			RebuildScriptCaches (94ms)
			SetupLoadedEditorAssemblies (444ms)
				LogAssemblyErrors (0ms)
				InitializePlatformSupportModulesInManaged (19ms)
				SetLoadedEditorAssemblies (1ms)
				RefreshPlugins (151ms)
				BeforeProcessingInitializeOnLoad (33ms)
				ProcessInitializeOnLoadAttributes (144ms)
				ProcessInitializeOnLoadMethodAttributes (96ms)
				AfterProcessingInitializeOnLoad (0ms)
				EditorAssembliesLoaded (1ms)
			ExecutionOrderSort2 (0ms)
			AwakeInstancesAfterBackupRestoration (0ms)
Platform modules already initialized, skipping
Registering precompiled user dll's ...
Registered in 0.027469 seconds.
Begin MonoManager ReloadAssembly
Native extension for WindowsStandalone target not found
Native extension for WebGL target not found
Refreshing native plugins compatible for Editor in 1.08 ms, found 2 plugins.
Preloading 0 native plugins for Editor in 0.00 ms.
Refreshing native plugins compatible for Editor in 0.85 ms, found 2 plugins.
Mono: successfully reloaded assembly
- Completed reload, in  2.635 seconds
Domain Reload Profiling:
	ReloadAssembly (2637ms)
		BeginReloadAssembly (269ms)
			ExecutionOrderSort (0ms)
			DisableScriptedObjects (9ms)
			BackupInstance (0ms)
			ReleaseScriptingObjects (0ms)
			CreateAndSetChildDomain (30ms)
		EndReloadAssembly (2227ms)
			LoadAssemblies (188ms)
			RebuildTransferFunctionScriptingTraits (0ms)
			SetupTypeCache (705ms)
			ReleaseScriptCaches (1ms)
			RebuildScriptCaches (111ms)
			SetupLoadedEditorAssemblies (974ms)
				LogAssemblyErrors (0ms)
				InitializePlatformSupportModulesInManaged (14ms)
				SetLoadedEditorAssemblies (1ms)
				RefreshPlugins (1ms)
				BeforeProcessingInitializeOnLoad (206ms)
				ProcessInitializeOnLoadAttributes (713ms)
				ProcessInitializeOnLoadMethodAttributes (22ms)
				AfterProcessingInitializeOnLoad (17ms)
				EditorAssembliesLoaded (1ms)
			ExecutionOrderSort2 (0ms)
			AwakeInstancesAfterBackupRestoration (15ms)
Platform modules already initialized, skipping
========================================================================
Worker process is ready to serve import requests
Launched and connected shader compiler UnityShaderCompiler.exe after 0.14 seconds
Refreshing native plugins compatible for Editor in 0.78 ms, found 2 plugins.
Preloading 0 native plugins for Editor in 0.00 ms.
Unloading 2014 Unused Serialized files (Serialized files now loaded: 0)
System memory in use before: 165.7 MB.
System memory in use after: 165.7 MB.

Unloading 35 unused Assets to reduce memory usage. Loaded Objects now: 2461.
Total: 4.426300 ms (FindLiveObjects: 0.273900 ms CreateObjectMapping: 0.140700 ms MarkObjects: 3.915200 ms  DeleteObjects: 0.094500 ms)

AssetImportParameters requested are different than current active one (requested -> active):
  custom:framework-win-MediaFoundation: 216162199b28c13a410421893ffa2e32 -> 
  custom:video-decoder-ogg-theora: a1e56fd34408186e4bbccfd4996cb3dc -> 
  custom:container-muxer-webm: aa71ff27fc2769a1b78a27578f13a17b -> 
  custom:container-demuxer-webm: 4f35f7cbe854078d1ac9338744f61a02 -> 
  custom:container-demuxer-ogg: 62fdf1f143b41e24485cea50d1cbac27 -> 
  custom:video-encoder-webm-vp8: eb34c28f22e8b96e1ab97ce403110664 -> 
  custom:video-codec-MediaFoundation-h265: 746d11721c4dcdbdad8f713fa42b33f4 -> 
  custom:video-decoder-webm-vp8: 9c59270c3fd7afecdb556c50c9e8de78 -> 
  custom:audio-decoder-ogg-vorbis: bf7c407c2cedff20999df2af8eb42d56 -> 
  custom:audio-encoder-webm-vorbis: bf7c407c2cedff20999df2af8eb42d56 -> 
========================================================================
Received Import Request.
  path: Assets/Scripts/PauseScript.cs
  artifactKey: Guid(e9dc46337e532474a8250ece1d63dc28) Importer(815301076,1909f56bfc062723c751e8b465ee728b)
Start importing Assets/Scripts/PauseScript.cs using Guid(e9dc46337e532474a8250ece1d63dc28) Importer(815301076,1909f56bfc062723c751e8b465ee728b)  -> (artifact id: '2efae86a1b160fe9e355d43fe4605f7a') in 0.068029 seconds 
  Import took 0.075679 seconds .

========================================================================
Received Import Request.
  Time since last request: 0.000579 seconds.
  path: Assets/Scripts/PlayableDirectorPlay.cs
  artifactKey: Guid(f6bd0ab4f4a0ca841965180c866e6e11) Importer(815301076,1909f56bfc062723c751e8b465ee728b)
Start importing Assets/Scripts/PlayableDirectorPlay.cs using Guid(f6bd0ab4f4a0ca841965180c866e6e11) Importer(815301076,1909f56bfc062723c751e8b465ee728b)  -> (artifact id: 'd2e668e67ed2aee81840d0ab764206b5') in 0.017538 seconds 
  Import took 0.024909 seconds .

========================================================================
Received Import Request.
  Time since last request: 20470.683975 seconds.
  path: Assets/20-201074_play-button-png-image-background-circle-transparent-png.png
  artifactKey: Guid(e1c3268c921a8204a8029fddfb4839ed) Importer(815301076,1909f56bfc062723c751e8b465ee728b)
Start importing Assets/20-201074_play-button-png-image-background-circle-transparent-png.png using Guid(e1c3268c921a8204a8029fddfb4839ed) Importer(815301076,1909f56bfc062723c751e8b465ee728b)  -> (artifact id: '11a7ca567f0b2adcb133673f06128dca') in 0.163868 seconds 
  Import took 0.173057 seconds .

========================================================================
Received Import Request.
  Time since last request: 0.000336 seconds.
  path: Assets/468407__onderwish__sci-fi-survival-dreamscape.mp3
  artifactKey: Guid(e42fed258b3808d4c8ffe8b020a5dd59) Importer(815301076,1909f56bfc062723c751e8b465ee728b)
Start importing Assets/468407__onderwish__sci-fi-survival-dreamscape.mp3 using Guid(e42fed258b3808d4c8ffe8b020a5dd59) Importer(815301076,1909f56bfc062723c751e8b465ee728b)  -> (artifact id: 'a1d07723a7637402c73c20f678dc6866') in 0.147937 seconds 
  Import took 0.153484 seconds .

========================================================================
Received Import Request.
  Time since last request: 0.000355 seconds.
  path: Assets/20-201074_play-button-png-image-background-circle-transparent-png.png
  artifactKey: Guid(e1c3268c921a8204a8029fddfb4839ed) Importer(815301076,1909f56bfc062723c751e8b465ee728b)
Start importing Assets/20-201074_play-button-png-image-background-circle-transparent-png.png using Guid(e1c3268c921a8204a8029fddfb4839ed) Importer(815301076,1909f56bfc062723c751e8b465ee728b)  -> (artifact id: '11a7ca567f0b2adcb133673f06128dca') in 0.021177 seconds 
  Import took 0.025425 seconds .

========================================================================
Received Import Request.
  Time since last request: 0.000421 seconds.
  path: Assets/468407__onderwish__sci-fi-survival-dreamscape.mp3
  artifactKey: Guid(e42fed258b3808d4c8ffe8b020a5dd59) Importer(815301076,1909f56bfc062723c751e8b465ee728b)
Start importing Assets/468407__onderwish__sci-fi-survival-dreamscape.mp3 using Guid(e42fed258b3808d4c8ffe8b020a5dd59) Importer(815301076,1909f56bfc062723c751e8b465ee728b)  -> (artifact id: 'a1d07723a7637402c73c20f678dc6866') in 0.010207 seconds 
  Import took 0.014693 seconds .

========================================================================
Received Import Request.
  Time since last request: 0.000319 seconds.
  path: Assets/in-orbit-1153.mp3
  artifactKey: Guid(cff1aaa49ad90494e8e4a00c447f5c0e) Importer(815301076,1909f56bfc062723c751e8b465ee728b)
Start importing Assets/in-orbit-1153.mp3 using Guid(cff1aaa49ad90494e8e4a00c447f5c0e) Importer(815301076,1909f56bfc062723c751e8b465ee728b)  -> (artifact id: 'aaad3bd7e8b5aaa984158326072061dd') in 0.022457 seconds 
  Import took 0.028931 seconds .

========================================================================
Received Import Request.
  Time since last request: 0.000421 seconds.
  path: Assets/png-transparent-pause-logo-computer-icons-button-media-player-pause-button-rectangle-black-internet-thumbnail.png
  artifactKey: Guid(26eff1f09c4a27247a282ae3e2d5d623) Importer(815301076,1909f56bfc062723c751e8b465ee728b)
Start importing Assets/png-transparent-pause-logo-computer-icons-button-media-player-pause-button-rectangle-black-internet-thumbnail.png using Guid(26eff1f09c4a27247a282ae3e2d5d623) Importer(815301076,1909f56bfc062723c751e8b465ee728b)  -> (artifact id: '34eb99bccf232bcf1e3c92c705126fc6') in 0.025483 seconds 
  Import took 0.030681 seconds .

